/usr/local/lib/python3.13/subprocess.py:1921: RuntimeWarning: os.fork() was called. os.fork() is incompatible with multithreaded code, and JAX is multithreaded, so this will likely lead to a deadlock.
  self.pid = _fork_exec(
I0617 11:07:32.487559    3591 fork_posix.cc:71] Other threads are currently calling into gRPC, skipping fork() handlers
I0617 11:07:32.640810    3591 fork_posix.cc:71] Other threads are currently calling into gRPC, skipping fork() handlers
/usr/local/lib/python3.13/subprocess.py:1921: RuntimeWarning: os.fork() was called. os.fork() is incompatible with multithreaded code, and JAX is multithreaded, so this will likely lead to a deadlock.
  self.pid = _fork_exec(
I0617 11:07:32.865810    3591 fork_posix.cc:71] Other threads are currently calling into gRPC, skipping fork() handlers
I0617 11:07:35.506004    3591 fork_posix.cc:71] Other threads are currently calling into gRPC, skipping fork() handlers
I0617 11:07:35.518403    3591 fork_posix.cc:71] Other threads are currently calling into gRPC, skipping fork() handlers
2026-06-17 11:07:38,649	INFO worker.py:2012 -- Started a local Ray instance.
/usr/local/lib/python3.13/site-packages/ray/_private/worker.py:2051: FutureWarning: Tip: In future versions of Ray, Ray will no longer override accelerator visible devices env var if num_gpus=0 or num_gpus=None (default). To enable this behavior and turn off this error message, set RAY_ACCEL_ENV_VAR_OVERRIDE_ON_ZERO=0
  warnings.warn(
2026-06-17 11:07:40,231 - INFO - [SciML Node] gRPC serwer nasłuchuje na porcie 50051
INFO:     Started server process [3591]
INFO:     Waiting for application startup.
2026-06-17 11:07:40,249 - INFO - [SciML Node] FastAPI lifespan: klaster Ray i CloudOrchestrator gotowi.
INFO:     Application startup complete.
INFO:     Uvicorn running on http://0.0.0.0:8000 (Press CTRL+C to quit)
INFO:     127.0.0.1:58112 - "GET /health HTTP/1.1" 200 OK
INFO:     127.0.0.1:58116 - "POST /api/v1/simulate?priority=1&batch_size=500 HTTP/1.1" 200 OK
INFO:     127.0.0.1:58124 - "POST /api/v1/simulate?priority=1&batch_size=500 HTTP/1.1" 200 OK
INFO:     Shutting down
INFO:     Waiting for application shutdown.
2026-06-17 11:07:51,895 - INFO - [SciML Node] FastAPI lifespan: klaster Ray zamknięty.
INFO:     Application shutdown complete.
INFO:     Finished server process [3591]
2026-06-17 11:07:52,043 - ERROR - [SciML Node] Task exception was never retrieved
future: <Task finished name='Task-1' coro=<main() done, defined at /home/user/main.py:26> exception=SystemExit(15)>
Traceback (most recent call last):
  File "/home/user/main.py", line 48, in <module>
    asyncio.run(main())
    ~~~~~~~~~~~^^^^^^^^
  File "/usr/local/lib/python3.13/asyncio/runners.py", line 194, in run
    with Runner(debug=debug, loop_factory=loop_factory) as runner:
         ~~~~~~^^^^^^^^^^^^^^^^^^^^^^^^^^^^^^^^^^^^^^^^
  File "/usr/local/lib/python3.13/asyncio/runners.py", line 62, in __exit__
    self.close()
    ~~~~~~~~~~^^
  File "/usr/local/lib/python3.13/asyncio/runners.py", line 70, in close
    _cancel_all_tasks(loop)
    ~~~~~~~~~~~~~~~~~^^^^^^
  File "/usr/local/lib/python3.13/asyncio/runners.py", line 206, in _cancel_all_tasks
    loop.run_until_complete(tasks.gather(*to_cancel, return_exceptions=True))
    ~~~~~~~~~~~~~~~~~~~~~~~^^^^^^^^^^^^^^^^^^^^^^^^^^^^^^^^^^^^^^^^^^^^^^^^^^
  File "/usr/local/lib/python3.13/asyncio/base_events.py", line 712, in run_until_complete
    self.run_forever()
    ~~~~~~~~~~~~~~~~^^
  File "/usr/local/lib/python3.13/asyncio/base_events.py", line 683, in run_forever
    self._run_once()
    ~~~~~~~~~~~~~~^^
  File "/usr/local/lib/python3.13/asyncio/base_events.py", line 2061, in _run_once
    handle._run()
    ~~~~~~~~~~~^^
  File "/usr/local/lib/python3.13/asyncio/events.py", line 89, in _run
    self._context.run(self._callback, *self._args)
    ~~~~~~~~~~~~~~~~~^^^^^^^^^^^^^^^^^^^^^^^^^^^^^
  File "/home/user/main.py", line 40, in main
    await asyncio.gather(
    ...<2 lines>...
    )
  File "/usr/local/lib/python3.13/asyncio/runners.py", line 195, in run
    return runner.run(main)
           ~~~~~~~~~~^^^^^^
  File "/usr/local/lib/python3.13/asyncio/runners.py", line 118, in run
    return self._loop.run_until_complete(task)
           ~~~~~~~~~~~~~~~~~~~~~~~~~~~~~^^^^^^
  File "/usr/local/lib/python3.13/asyncio/base_events.py", line 712, in run_until_complete
    self.run_forever()
    ~~~~~~~~~~~~~~~~^^
  File "/usr/local/lib/python3.13/asyncio/base_events.py", line 683, in run_forever
    self._run_once()
    ~~~~~~~~~~~~~~^^
  File "/usr/local/lib/python3.13/asyncio/base_events.py", line 2061, in _run_once
    handle._run()
    ~~~~~~~~~~~^^
  File "/usr/local/lib/python3.13/asyncio/events.py", line 89, in _run
    self._context.run(self._callback, *self._args)
    ~~~~~~~~~~~~~~~~~^^^^^^^^^^^^^^^^^^^^^^^^^^^^^
  File "/usr/local/lib/python3.13/site-packages/uvicorn/server.py", line 78, in serve
    with self.capture_signals():
         ~~~~~~~~~~~~~~~~~~~~^^
  File "/usr/local/lib/python3.13/contextlib.py", line 148, in __exit__
    next(self.gen)
    ~~~~^^^^^^^^^^
  File "/usr/local/lib/python3.13/site-packages/uvicorn/server.py", line 339, in capture_signals
    signal.raise_signal(captured_signal)
    ~~~~~~~~~~~~~~~~~~~^^^^^^^^^^^^^^^^^
  File "/usr/local/lib/python3.13/site-packages/ray/_private/worker.py", line 1657, in sigterm_handler
    sys.exit(signum)
    ~~~~~~~~^^^^^^^^
SystemExit: 15
Exception ignored in: <function Server.__del__ at 0x7ff618198220>
Traceback (most recent call last):
  File "/usr/local/lib/python3.13/site-packages/grpc/aio/_server.py", line 204, in __del__
    cygrpc.schedule_coro_threadsafe(
  File "src/python/grpcio/grpc/_cython/_cygrpc/aio/common.pyx.pxi", line 121, in grpc._cython.cygrpc.schedule_coro_threadsafe
  File "src/python/grpcio/grpc/_cython/_cygrpc/aio/common.pyx.pxi", line 113, in grpc._cython.cygrpc.schedule_coro_threadsafe
  File "/usr/local/lib/python3.13/asyncio/base_events.py", line 466, in create_task
    self._check_closed()
  File "/usr/local/lib/python3.13/asyncio/base_events.py", line 556, in _check_closed
    raise RuntimeError('Event loop is closed')
RuntimeError: Event loop is closed
<sys>:0: RuntimeWarning: coroutine 'AioServer.shutdown' was never awaited
